[00:38:41] [main/INFO] (FabricLoader/GameProvider) Loading Minecraft 1.19.1 with Fabric Loader 0.14.9
[00:38:43] [main/INFO] (FabricLoader) Loading 44 mods:
	- fabric 0.58.6+1.19.2
	- fabric-api-base 0.4.9+e62f51a390
	- fabric-api-lookup-api-v1 1.6.7+9ff28f4090
	- fabric-biome-api-v1 9.0.15+d5533c0190
	- fabric-blockrenderlayer-v1 1.1.18+9ff28f4090
	- fabric-command-api-v2 2.1.5+0c17ea9690
	- fabric-content-registries-v0 3.2.1+07df213e90
	- fabric-convention-tags-v1 1.0.8+37622d2490
	- fabric-crash-report-info-v1 0.2.3+bd0a0d4a90
	- fabric-data-generation-api-v1 5.1.6+a680b9b490
	- fabric-dimensions-v1 2.1.28+a6d2f78590
	- fabric-entity-events-v1 1.4.16+9ff28f4090
	- fabric-events-interaction-v0 0.4.26+9ff28f4090
	- fabric-game-rule-api-v1 1.0.19+1899036190
	- fabric-gametest-api-v1 1.0.33+e62f51a390
	- fabric-item-api-v1 1.5.5+35a03c4390
	- fabric-item-groups-v0 0.3.26+9ff28f4090
	- fabric-key-binding-api-v1 1.0.18+9ff28f4090
	- fabric-lifecycle-events-v1 2.1.0+33fbc73890
	- fabric-loot-api-v2 1.1.1+03a4e56890
	- fabric-message-api-v1 5.0.1+4e0178f490
	- fabric-mining-level-api-v1 2.1.11+33fbc73890
	- fabric-models-v0 0.3.15+9ff28f4090
	- fabric-networking-api-v1 1.2.2+5eb68ef290
	- fabric-object-builder-api-v1 4.0.8+9ff28f4090
	- fabric-particles-v1 1.0.8+dc39553a90
	- fabric-registry-sync-v0 0.9.22+23c4cfef90
	- fabric-renderer-api-v1 1.0.8+9ff28f4090
	- fabric-renderer-indigo 0.6.10+5187d39f90
	- fabric-rendering-data-attachment-v1 0.3.12+9ff28f4090
	- fabric-rendering-fluids-v1 3.0.5+9ff28f4090
	- fabric-rendering-v1 1.10.14+9ff28f4090
	- fabric-resource-conditions-api-v1 2.0.9+e62f51a390
	- fabric-resource-loader-v0 0.5.6+5f1a85e090
	- fabric-screen-api-v1 1.0.24+f05effaf90
	- fabric-screen-handler-api-v1 1.2.11+9ff28f4090
	- fabric-textures-v0 1.0.18+9ff28f4090
	- fabric-transfer-api-v1 2.0.9+e62f51a390
	- fabric-transitive-access-wideners-v1 1.1.1+9e7660c690
	- fabricloader 0.14.9
	- firebolt 0.0.1-1.19.1
	- geckolib3 3.1.11
	- java 17
	- minecraft 1.19.1
[00:38:44] [main/INFO] (FabricLoader/Mixin) SpongePowered MIXIN Subsystem Version=0.8.5 Source=file:/C:/Users/schoo/.gradle/caches/modules-2/files-2.1/net.fabricmc/sponge-mixin/0.11.4+mixin.0.8.5/c1dc27696aa4006e492c2485c9ccbcb26045a971/sponge-mixin-0.11.4+mixin.0.8.5.jar Service=Knot/Fabric Env=CLIENT
[00:38:45] [main/INFO] (FabricLoader/Mixin) Loaded Fabric development mappings for mixin remapper!
[00:38:46] [main/INFO] (FabricLoader/Mixin) Compatibility level set to JAVA_16
[00:38:46] [main/INFO] (FabricLoader/Mixin) Compatibility level set to JAVA_17
[00:38:55] [main/WARN] (FileUtil) Configuration conflict: there is more than one oshi.properties file on the classpath
[00:38:57] [main/WARN] (FileUtil) Configuration conflict: there is more than one oshi.architecture.properties file on the classpath
[00:39:14] [main/INFO] (Minecraft) Building optimized datafixer
[00:39:31] [Render thread/INFO] (Minecraft) Environment: authHost='https://authserver.mojang.com', accountsHost='https://api.mojang.com', sessionHost='https://sessionserver.mojang.com', servicesHost='https://api.minecraftservices.com', name='PROD'
[00:39:33] [Render thread/ERROR] (fabric-screen-api-v1) Failed to verify authentication
com.mojang.authlib.exceptions.InvalidCredentialsException: Status: 401
	at com.mojang.authlib.exceptions.MinecraftClientHttpException.toAuthenticationException(MinecraftClientHttpException.java:56) ~[authlib-3.11.50.jar:?]
	at com.mojang.authlib.yggdrasil.YggdrasilUserApiService.fetchProperties(YggdrasilUserApiService.java:155) ~[authlib-3.11.50.jar:?]
	at com.mojang.authlib.yggdrasil.YggdrasilUserApiService.<init>(YggdrasilUserApiService.java:55) ~[authlib-3.11.50.jar:?]
	at com.mojang.authlib.yggdrasil.YggdrasilAuthenticationService.createUserApiService(YggdrasilAuthenticationService.java:161) ~[authlib-3.11.50.jar:?]
	at net.minecraft.client.MinecraftClient.createUserApiService(MinecraftClient.java:710) [minecraft-project-@-merged-named.jar:?]
	at net.minecraft.client.MinecraftClient.<init>(MinecraftClient.java:430) [minecraft-project-@-merged-named.jar:?]
	at net.minecraft.client.main.Main.main(Main.java:205) [minecraft-project-@-merged-named.jar:?]
	at net.minecraft.client.main.Main.main(Main.java:51) [minecraft-project-@-merged-named.jar:?]
	at net.fabricmc.loader.impl.game.minecraft.MinecraftGameProvider.launch(MinecraftGameProvider.java:461) [fabric-loader-0.14.9.jar:?]
	at net.fabricmc.loader.impl.launch.knot.Knot.launch(Knot.java:74) [fabric-loader-0.14.9.jar:?]
	at net.fabricmc.loader.impl.launch.knot.KnotClient.main(KnotClient.java:23) [fabric-loader-0.14.9.jar:?]
	at net.fabricmc.devlaunchinjector.Main.main(Main.java:86) [dev-launch-injector-0.2.1+build.8.jar:?]
Caused by: com.mojang.authlib.exceptions.MinecraftClientHttpException: Status: 401
	at com.mojang.authlib.minecraft.client.MinecraftClient.readInputStream(MinecraftClient.java:85) ~[authlib-3.11.50.jar:?]
	at com.mojang.authlib.minecraft.client.MinecraftClient.get(MinecraftClient.java:48) ~[authlib-3.11.50.jar:?]
	at com.mojang.authlib.yggdrasil.YggdrasilUserApiService.fetchProperties(YggdrasilUserApiService.java:129) ~[authlib-3.11.50.jar:?]
	... 10 more
[00:39:33] [Render thread/INFO] (fabric-screen-api-v1) Setting user: Player682
[00:39:34] [Render thread/ERROR] (Minecraft) No data fixer registered for geoexampleentity
[00:39:34] [Render thread/ERROR] (Minecraft) No data fixer registered for bikeentity
[00:39:34] [Render thread/ERROR] (Minecraft) No data fixer registered for extendedrendererentity
[00:39:34] [Render thread/ERROR] (Minecraft) No data fixer registered for leentity
[00:39:34] [Render thread/ERROR] (Minecraft) No data fixer registered for rocketprojectile
[00:39:35] [Render thread/INFO] (Indigo) [Indigo] Registering Indigo renderer!
[00:39:37] [Render thread/INFO] (fabric-screen-api-v1) Backend library: LWJGL version 3.3.1 SNAPSHOT
[00:39:48] [Worker-Main-4/ERROR] (Minecraft) Failed to retrieve profile key pair
java.io.IOException: Could not retrieve profile key pair
	at net.minecraft.client.util.ProfileKeys.fetchKeyPair(ProfileKeys.java:122) ~[minecraft-project-@-merged-named.jar:?]
	at net.minecraft.client.util.ProfileKeys.method_44291(ProfileKeys.java:62) ~[minecraft-project-@-merged-named.jar:?]
	at java.util.concurrent.CompletableFuture$AsyncSupply.run(CompletableFuture.java:1768) [?:?]
	at java.util.concurrent.CompletableFuture$AsyncSupply.exec(CompletableFuture.java:1760) [?:?]
	at java.util.concurrent.ForkJoinTask.doExec(ForkJoinTask.java:373) [?:?]
	at java.util.concurrent.ForkJoinPool$WorkQueue.topLevelExec(ForkJoinPool.java:1182) [?:?]
	at java.util.concurrent.ForkJoinPool.scan(ForkJoinPool.java:1655) [?:?]
	at java.util.concurrent.ForkJoinPool.runWorker(ForkJoinPool.java:1622) [?:?]
	at java.util.concurrent.ForkJoinWorkerThread.run(ForkJoinWorkerThread.java:165) [?:?]
[00:39:48] [Render thread/INFO] (Minecraft) Narrator library for x64 successfully loaded
[00:39:48] [Render thread/INFO] (Minecraft) Reloading ResourceManager: Default, Fabric Mods (Fabric Data Generation API (v1), Fabric Rendering (v1), Fabric Command API (v2), Fabric Key Binding API (v1), Fabric Loader, Fabric API Base, Fabric Rendering Data Attachment (v1), Fabric Resource Loader (v0), Fabric Renderer - Indigo, Fabric Lifecycle Events (v1), Fabric Networking API (v1), Fabric Content Registries (v0), Fabric Convention Tags, Geckolib, Fabric Resource Conditions API (v1), Fabric Renderer API (v1), Fabric Crash Report Info (v1), Fabric BlockRenderLayer Registration (v1), Fabric Models (v0), Fabric Item Groups (v0), Fabric Dimensions API (v1), Fabric Mining Level API (v1), Fabric Events Interaction (v0), Firebolt, Fabric Message API (v1), Fabric Loot API (v2), Fabric Screen API (v1), Fabric Rendering Fluids (v1), Fabric Game Rule API (v1), Fabric Biome API (v1), Fabric Game Test API (v1), Fabric API Lookup API (v1), Fabric Item API (v1), Fabric Transfer API (v1), Fabric Object Builder API (v1), Fabric Particles (v1), Fabric Entity Events (v1), Fabric Registry Sync (v0), Fabric API, Fabric Textures (v0), Fabric Screen Handler API (v1), Fabric Transitive Access Wideners (v1))
[00:39:49] [Render thread/INFO] (firebolt) This line is printed by an example mod mixin!
[00:39:50] [Realms Notification Availability checker #1/INFO] (Minecraft) Could not authorize you against Realms server: Invalid session id
[00:40:00] [Worker-Main-9/ERROR] (Minecraft) Using missing texture, file firebolt:textures/item/flametrident.png not found
[00:40:05] [Render thread/WARN] (Minecraft) Missing sound for event: minecraft:item.goat_horn.play
[00:40:05] [Render thread/WARN] (Minecraft) Missing sound for event: minecraft:entity.goat.screaming.horn_break
[00:40:06] [Render thread/INFO] (Minecraft) OpenAL initialized on device OpenAL Soft on Speakers / Headphones (Realtek(R) Audio)
[00:40:06] [Render thread/INFO] (Minecraft) Sound engine started
[00:40:08] [Render thread/INFO] (Minecraft) Created: 1024x1024x4 minecraft:textures/atlas/blocks.png-atlas
[00:40:16] [Render thread/INFO] (Minecraft) Created: 256x128x4 minecraft:textures/atlas/signs.png-atlas
[00:40:16] [Render thread/INFO] (Minecraft) Created: 1024x512x4 minecraft:textures/atlas/banner_patterns.png-atlas
[00:40:16] [Render thread/INFO] (Minecraft) Created: 1024x512x4 minecraft:textures/atlas/shield_patterns.png-atlas
[00:40:20] [Render thread/INFO] (Minecraft) Created: 256x256x4 minecraft:textures/atlas/chest.png-atlas
[00:40:20] [Render thread/INFO] (Minecraft) Created: 512x256x4 minecraft:textures/atlas/beds.png-atlas
[00:40:20] [Render thread/INFO] (Minecraft) Created: 512x256x4 minecraft:textures/atlas/shulker_boxes.png-atlas
[00:40:27] [Render thread/WARN] (Minecraft) Shader rendertype_entity_translucent_emissive could not find sampler named Sampler2 in the specified shader program.
[00:40:30] [Render thread/INFO] (Minecraft) Created: 512x256x0 minecraft:textures/atlas/particles.png-atlas
[00:40:30] [Render thread/INFO] (Minecraft) Created: 256x256x0 minecraft:textures/atlas/paintings.png-atlas
[00:40:30] [Render thread/INFO] (Minecraft) Created: 256x128x0 minecraft:textures/atlas/mob_effects.png-atlas
[00:40:30] [Render thread/INFO] (firebolt) This line is printed by an example mod mixin!
[00:41:03] [Render thread/INFO] (Minecraft) Loaded 7 recipes
[00:41:05] [Render thread/INFO] (Minecraft) Loaded 1179 advancements
[00:41:11] [Render thread/INFO] (BiomeModificationImpl) Applied 1 biome modifications to 1 of 63 new biomes in 37.73 ms
[00:41:11] [Server thread/INFO] (Minecraft) Starting integrated minecraft server version 1.19.1
[00:41:11] [Server thread/INFO] (Minecraft) Generating keypair
[00:41:14] [Server thread/INFO] (Minecraft) Preparing start region for dimension minecraft:overworld
[00:41:22] [Render thread/INFO] (Minecraft) Preparing spawn area: 0%
[00:41:22] [Render thread/INFO] (Minecraft) Preparing spawn area: 0%
[00:41:22] [Render thread/INFO] (Minecraft) Preparing spawn area: 0%
[00:41:22] [Render thread/INFO] (Minecraft) Preparing spawn area: 0%
[00:41:22] [Render thread/INFO] (Minecraft) Preparing spawn area: 0%
[00:41:22] [Render thread/INFO] (Minecraft) Preparing spawn area: 0%
[00:41:22] [Render thread/INFO] (Minecraft) Preparing spawn area: 0%
[00:41:22] [Render thread/INFO] (Minecraft) Preparing spawn area: 0%
[00:41:22] [Render thread/INFO] (Minecraft) Preparing spawn area: 0%
[00:41:22] [Render thread/INFO] (Minecraft) Preparing spawn area: 0%
[00:41:22] [Render thread/INFO] (Minecraft) Preparing spawn area: 0%
[00:41:22] [Render thread/INFO] (Minecraft) Preparing spawn area: 0%
[00:41:22] [Render thread/INFO] (Minecraft) Preparing spawn area: 0%
[00:41:22] [Render thread/INFO] (Minecraft) Preparing spawn area: 0%
[00:41:22] [Render thread/INFO] (Minecraft) Preparing spawn area: 0%
[00:41:22] [Render thread/INFO] (Minecraft) Preparing spawn area: 0%
[00:41:23] [Render thread/INFO] (Minecraft) Preparing spawn area: 0%
[00:41:23] [Render thread/INFO] (Minecraft) Preparing spawn area: 0%
[00:41:24] [Render thread/INFO] (Minecraft) Preparing spawn area: 0%
[00:41:24] [Render thread/INFO] (Minecraft) Preparing spawn area: 0%
[00:41:25] [Render thread/INFO] (Minecraft) Preparing spawn area: 0%
[00:41:25] [Render thread/INFO] (Minecraft) Preparing spawn area: 0%
[00:41:26] [Render thread/INFO] (Minecraft) Preparing spawn area: 0%
[00:41:26] [Render thread/INFO] (Minecraft) Preparing spawn area: 0%
[00:41:27] [Render thread/INFO] (Minecraft) Preparing spawn area: 0%
[00:41:27] [Render thread/INFO] (Minecraft) Preparing spawn area: 0%
[00:41:28] [Render thread/INFO] (Minecraft) Preparing spawn area: 0%
[00:41:28] [Render thread/INFO] (Minecraft) Preparing spawn area: 2%
[00:41:29] [Render thread/INFO] (Minecraft) Preparing spawn area: 22%
[00:41:29] [Render thread/INFO] (Minecraft) Preparing spawn area: 32%
[00:41:30] [Render thread/INFO] (Minecraft) Preparing spawn area: 84%
[00:41:33] [Render thread/INFO] (Minecraft) Time elapsed: 18788 ms
[00:41:34] [Server thread/INFO] (Minecraft) Changing view distance to 2, from 10
[00:41:34] [Server thread/INFO] (Minecraft) Changing simulation distance to 5, from 0
[00:41:42] [Server thread/INFO] (Minecraft) Player682[local:E:c942b9d8] logged in with entity id 1 at (14.825903951746534, -48.0, 4.831798441656048)
[00:41:43] [Server thread/INFO] (Minecraft) Player682 joined the game
[00:41:43] [Server thread/WARN] (Minecraft) Can't keep up! Is the server overloaded? Running 2739ms or 54 ticks behind
[00:41:47] [Render thread/INFO] (Minecraft) Loaded 0 advancements
[00:41:51] [Server thread/INFO] (Minecraft) Saving and pausing game...
[00:41:52] [Server thread/INFO] (Minecraft) Saving chunks for level 'ServerLevel[Firebolt]'/minecraft:overworld
[00:41:52] [Server thread/INFO] (Minecraft) Saving chunks for level 'ServerLevel[Firebolt]'/minecraft:the_nether
[00:41:52] [Server thread/INFO] (Minecraft) Saving chunks for level 'ServerLevel[Firebolt]'/minecraft:the_end
[00:44:46] [Server thread/INFO] (Minecraft) Saving and pausing game...
[00:44:46] [Server thread/INFO] (Minecraft) Saving chunks for level 'ServerLevel[Firebolt]'/minecraft:overworld
[00:44:46] [Server thread/INFO] (Minecraft) Saving chunks for level 'ServerLevel[Firebolt]'/minecraft:the_nether
[00:44:46] [Server thread/INFO] (Minecraft) Saving chunks for level 'ServerLevel[Firebolt]'/minecraft:the_end
[00:44:46] [Server thread/INFO] (Minecraft) Player682 lost connection: Disconnected
[00:44:46] [Server thread/INFO] (Minecraft) Player682 left the game
[00:44:47] [Server thread/INFO] (Minecraft) Stopping singleplayer server as player logged out
[00:44:47] [Server thread/INFO] (Minecraft) Stopping server
[00:44:47] [Server thread/INFO] (Minecraft) Saving players
[00:44:47] [Server thread/INFO] (Minecraft) Saving worlds
[00:44:48] [Server thread/INFO] (Minecraft) Saving chunks for level 'ServerLevel[Firebolt]'/minecraft:overworld
[00:44:52] [Server thread/INFO] (Minecraft) Saving chunks for level 'ServerLevel[Firebolt]'/minecraft:the_nether
[00:44:52] [Server thread/INFO] (Minecraft) Saving chunks for level 'ServerLevel[Firebolt]'/minecraft:the_end
[00:44:52] [Server thread/INFO] (Minecraft) ThreadedAnvilChunkStorage (Firebolt): All chunks are saved
[00:44:52] [Server thread/INFO] (Minecraft) ThreadedAnvilChunkStorage (DIM-1): All chunks are saved
[00:44:52] [Server thread/INFO] (Minecraft) ThreadedAnvilChunkStorage (DIM1): All chunks are saved
[00:44:52] [Server thread/INFO] (Minecraft) ThreadedAnvilChunkStorage: All dimensions are saved
[00:44:52] [Render thread/INFO] (firebolt) This line is printed by an example mod mixin!
[00:44:52] [Worker-Bootstrap-3/INFO] (Minecraft) 4283 Datafixer optimizations took 338277 milliseconds
[00:44:53] [Render thread/INFO] (fabric-screen-api-v1) Stopping!
